TN:
SF:src/app/Router.js
FN:13,(anonymous_2)
FN:20,(anonymous_3)
FN:24,(anonymous_4)
FN:36,(anonymous_5)
FN:42,(anonymous_6)
FN:55,(anonymous_7)
FN:58,(anonymous_8)
FN:62,(anonymous_9)
FN:82,(anonymous_10)
FN:89,(anonymous_11)
FN:102,(anonymous_12)
FN:104,(anonymous_13)
FNF:12
FNH:12
FNDA:44,(anonymous_2)
FNDA:27,(anonymous_3)
FNDA:20,(anonymous_4)
FNDA:8,(anonymous_5)
FNDA:3,(anonymous_6)
FNDA:2,(anonymous_7)
FNDA:3,(anonymous_8)
FNDA:3,(anonymous_9)
FNDA:9,(anonymous_10)
FNDA:1,(anonymous_11)
FNDA:4,(anonymous_12)
FNDA:3,(anonymous_13)
DA:1,3
DA:2,3
DA:3,3
DA:4,3
DA:5,3
DA:7,3
DA:8,3
DA:9,3
DA:11,3
DA:13,3
DA:14,44
DA:20,27
DA:21,27
DA:22,27
DA:24,27
DA:25,20
DA:26,20
DA:27,1
DA:28,1
DA:29,1
DA:30,19
DA:31,11
DA:32,11
DA:33,11
DA:34,11
DA:35,11
DA:36,11
DA:37,8
DA:38,8
DA:39,8
DA:40,8
DA:41,8
DA:42,3
DA:43,8
DA:44,3
DA:45,3
DA:46,3
DA:47,3
DA:48,3
DA:50,5
DA:51,5
DA:53,5
DA:55,5
DA:56,2
DA:57,2
DA:58,3
DA:62,27
DA:63,3
DA:64,3
DA:65,3
DA:66,2
DA:67,2
DA:68,1
DA:71,27
DA:72,5
DA:73,5
DA:74,22
DA:75,21
DA:76,10
DA:77,10
DA:78,10
DA:79,10
DA:80,10
DA:82,10
DA:83,9
DA:84,9
DA:85,9
DA:86,9
DA:87,9
DA:89,1
DA:92,11
DA:93,3
DA:94,3
DA:95,3
DA:96,3
DA:97,3
DA:98,8
DA:99,7
DA:100,7
DA:101,7
DA:102,4
DA:103,4
DA:104,3
DA:108,27
LF:84
LH:84
BRDA:26,0,0,1
BRDA:26,0,1,19
BRDA:30,1,0,11
BRDA:30,1,1,8
BRDA:43,2,0,3
BRDA:43,2,1,5
BRDA:50,3,0,5
BRDA:50,3,1,0
BRDA:64,4,0,1
BRDA:64,4,1,2
BRDA:65,5,0,2
BRDA:65,5,1,1
BRDA:65,6,0,3
BRDA:65,6,1,3
BRDA:68,7,0,1
BRDA:68,7,1,0
BRDA:71,8,0,5
BRDA:71,8,1,22
BRDA:71,9,0,27
BRDA:71,9,1,26
BRDA:74,10,0,21
BRDA:74,10,1,1
BRDA:75,11,0,10
BRDA:75,11,1,11
BRDA:92,12,0,3
BRDA:92,12,1,8
BRDA:98,13,0,7
BRDA:98,13,1,1
BRF:28
BRH:26
end_of_record
TN:
SF:src/app/Store.js
FN:1,(anonymous_1)
FN:7,(anonymous_2)
FN:10,(anonymous_3)
FN:15,(anonymous_4)
FN:24,(anonymous_5)
FN:29,(anonymous_6)
FN:40,(anonymous_7)
FN:49,(anonymous_8)
FN:53,(anonymous_9)
FN:59,(anonymous_10)
FN:65,(anonymous_11)
FN:72,(anonymous_12)
FN:79,(anonymous_13)
FN:88,(anonymous_14)
FN:92,(anonymous_15)
FN:94,(anonymous_16)
FN:95,(anonymous_17)
FN:102,(anonymous_18)
FN:104,(anonymous_19)
FN:106,(anonymous_20)
FNF:20
FNH:19
FNDA:13,(anonymous_1)
FNDA:2,(anonymous_2)
FNDA:8,(anonymous_3)
FNDA:4,(anonymous_4)
FNDA:1,(anonymous_5)
FNDA:1,(anonymous_6)
FNDA:14,(anonymous_7)
FNDA:12,(anonymous_8)
FNDA:2,(anonymous_9)
FNDA:6,(anonymous_10)
FNDA:1,(anonymous_11)
FNDA:2,(anonymous_12)
FNDA:1,(anonymous_13)
FNDA:2,(anonymous_14)
FNDA:1,(anonymous_15)
FNDA:1,(anonymous_16)
FNDA:2,(anonymous_17)
FNDA:0,(anonymous_18)
FNDA:1,(anonymous_19)
FNDA:9,(anonymous_20)
DA:1,2
DA:2,13
DA:3,11
DA:8,2
DA:11,8
DA:16,4
DA:25,1
DA:30,1
DA:40,2
DA:41,14
DA:42,14
DA:43,14
DA:44,14
DA:45,14
DA:50,12
DA:51,12
DA:54,2
DA:60,6
DA:66,1
DA:73,2
DA:80,1
DA:89,2
DA:92,2
DA:93,1
DA:94,2
DA:95,2
DA:96,2
DA:102,2
DA:104,2
DA:105,1
DA:106,9
DA:109,61
LF:32
LH:32
BRDA:2,0,0,2
BRDA:2,0,1,11
BRDA:42,1,0,13
BRDA:42,1,1,1
BRDA:44,2,0,11
BRDA:44,2,1,3
BRDA:44,3,0,14
BRDA:44,3,1,11
BRDA:53,4,0,2
BRDA:59,5,0,4
BRDA:59,6,0,4
BRDA:65,7,0,1
BRDA:72,8,0,2
BRDA:79,9,0,1
BRF:14
BRH:14
end_of_record
TN:
SF:src/app/format.js
FN:1,(anonymous_5)
FN:10,(anonymous_6)
FN:21,(anonymous_7)
FN:27,(anonymous_8)
FNF:4
FNH:4
FNDA:131,(anonymous_5)
FNDA:23,(anonymous_6)
FNDA:242,(anonymous_7)
FNDA:37,(anonymous_8)
DA:1,131
DA:2,131
DA:3,131
DA:4,130
DA:5,130
DA:6,130
DA:7,130
DA:10,23
DA:11,23
DA:13,7
DA:15,6
DA:17,10
DA:21,94
DA:22,242
DA:23,235
DA:24,235
DA:27,37
DA:28,37
DA:29,37
LF:19
LH:19
BRDA:11,0,0,7
BRDA:11,0,1,6
BRDA:11,0,2,10
BRDA:22,1,0,7
BRDA:22,1,1,235
BRDA:22,2,0,242
BRDA:22,2,1,235
BRDA:24,3,0,235
BRDA:24,3,1,235
BRDA:32,4,0,0
BRDA:32,4,1,37
BRDA:33,5,0,2
BRDA:33,5,1,35
BRDA:34,6,0,0
BRDA:34,6,1,37
BRF:15
BRH:13
end_of_record
TN:
SF:src/constants/routes.js
FN:13,(anonymous_4)
FNF:1
FNH:1
FNDA:93,(anonymous_4)
DA:1,9
DA:2,9
DA:3,9
DA:4,9
DA:6,139
DA:13,93
DA:14,93
DA:16,31
DA:18,30
DA:20,7
DA:22,23
DA:24,2
LF:12
LH:12
BRDA:14,0,0,31
BRDA:14,0,1,30
BRDA:14,0,2,7
BRDA:14,0,3,23
BRDA:14,0,4,2
BRF:5
BRH:5
end_of_record
TN:
SF:src/constants/usersTest.js
FNF:0
FNH:0
DA:1,18
LF:1
LH:1
BRF:0
BRH:0
end_of_record
TN:
SF:src/containers/Bills.js
FN:6,(anonymous_2)
FN:15,(anonymous_3)
FN:15,(anonymous_4)
FN:19,(anonymous_5)
FN:21,(anonymous_6)
FN:33,(anonymous_7)
FN:38,(anonymous_8)
FN:39,(anonymous_9)
FNF:8
FNH:8
FNDA:25,(anonymous_2)
FNDA:59,(anonymous_3)
FNDA:4,(anonymous_4)
FNDA:1,(anonymous_5)
FNDA:4,(anonymous_6)
FNDA:14,(anonymous_7)
FNDA:8,(anonymous_8)
FNDA:23,(anonymous_9)
DA:1,3
DA:2,3
DA:3,3
DA:5,26
DA:7,25
DA:8,25
DA:9,25
DA:10,25
DA:11,25
DA:12,18
DA:13,25
DA:14,25
DA:15,59
DA:16,25
DA:19,25
DA:21,25
DA:22,4
DA:24,4
DA:25,1
DA:26,1
DA:27,1
DA:29,1
DA:30,1
DA:33,25
DA:34,14
DA:35,13
DA:39,8
DA:40,23
DA:41,23
DA:49,1
DA:50,1
DA:57,8
LF:32
LH:32
BRDA:11,0,0,18
BRDA:11,0,1,7
BRDA:14,1,0,25
BRDA:14,1,1,0
BRDA:24,2,0,3
BRDA:24,2,1,1
BRDA:34,3,0,13
BRDA:34,3,1,1
BRF:8
BRH:7
end_of_record
TN:
SF:src/containers/Dashboard.js
FN:8,(anonymous_8)
FN:16,(anonymous_9)
FN:18,(anonymous_10)
FN:58,(anonymous_11)
FN:81,(anonymous_12)
FN:82,(anonymous_13)
FN:85,(anonymous_14)
FN:97,(anonymous_15)
FN:104,(anonymous_16)
FN:105,(anonymous_17)
FN:109,(anonymous_18)
FN:110,(anonymous_19)
FN:114,(anonymous_20)
FN:115,(anonymous_21)
FN:121,(anonymous_22)
FN:123,(anonymous_23)
FN:130,(anonymous_24)
FN:140,(anonymous_25)
FN:144,(anonymous_26)
FN:154,(anonymous_27)
FN:168,(anonymous_28)
FN:183,(anonymous_29)
FN:190,(anonymous_30)
FN:203,(anonymous_31)
FN:222,(anonymous_32)
FN:223,(anonymous_33)
FN:226,(anonymous_34)
FN:242,(anonymous_35)
FN:247,(anonymous_36)
FN:263,(anonymous_37)
FN:269,(anonymous_38)
FN:270,(anonymous_39)
FN:270,(anonymous_40)
FN:271,(anonymous_41)
FNF:34
FNH:34
FNDA:13,(anonymous_8)
FNDA:187,(anonymous_9)
FNDA:664,(anonymous_10)
FNDA:70,(anonymous_11)
FNDA:55,(anonymous_12)
FNDA:67,(anonymous_13)
FNDA:57,(anonymous_14)
FNDA:44,(anonymous_15)
FNDA:9,(anonymous_16)
FNDA:8,(anonymous_17)
FNDA:11,(anonymous_18)
FNDA:7,(anonymous_19)
FNDA:13,(anonymous_20)
FNDA:8,(anonymous_21)
FNDA:21,(anonymous_22)
FNDA:51,(anonymous_23)
FNDA:2,(anonymous_24)
FNDA:75,(anonymous_25)
FNDA:52,(anonymous_26)
FNDA:23,(anonymous_27)
FNDA:6,(anonymous_28)
FNDA:24,(anonymous_29)
FNDA:4,(anonymous_30)
FNDA:81,(anonymous_31)
FNDA:1,(anonymous_32)
FNDA:1,(anonymous_33)
FNDA:1,(anonymous_34)
FNDA:4,(anonymous_35)
FNDA:1,(anonymous_36)
FNDA:4,(anonymous_37)
FNDA:6,(anonymous_38)
FNDA:3,(anonymous_39)
FNDA:12,(anonymous_40)
FNDA:2,(anonymous_41)
DA:1,5
DA:2,5
DA:3,5
DA:4,5
DA:5,5
DA:6,5
DA:8,13
DA:9,13
DA:10,6
DA:12,7
DA:16,135
DA:17,187
DA:22,664
DA:23,664
DA:53,664
DA:58,5
DA:59,70
DA:60,70
DA:61,70
DA:63,70
DA:81,5
DA:82,67
DA:85,5
DA:86,57
DA:88,26
DA:90,13
DA:92,16
DA:96,44
DA:98,44
DA:99,44
DA:100,44
DA:101,44
DA:102,44
DA:104,44
DA:105,44
DA:106,8
DA:107,8
DA:109,44
DA:110,44
DA:111,7
DA:112,7
DA:114,44
DA:115,44
DA:116,8
DA:117,8
DA:121,44
DA:122,21
DA:123,51
DA:124,21
DA:125,11
DA:129,44
DA:130,2
DA:131,2
DA:132,2
DA:133,1
DA:137,44
DA:141,75
DA:142,75
DA:144,75
DA:145,52
DA:146,52
DA:147,52
DA:148,52
DA:149,52
DA:154,75
DA:155,23
DA:156,23
DA:157,23
DA:160,75
DA:161,52
DA:163,23
DA:165,75
DA:168,44
DA:169,6
DA:170,6
DA:172,5
DA:173,5
DA:174,4
DA:175,4
DA:176,4
DA:178,4
DA:179,3
DA:180,3
DA:184,24
DA:186,24
DA:187,1
DA:188,1
DA:189,1
DA:190,1
DA:191,4
DA:193,1
DA:194,1
DA:195,1
DA:196,23
DA:197,21
DA:198,21
DA:201,24
DA:202,23
DA:203,21
DA:204,81
DA:206,21
DA:207,21
DA:208,21
DA:209,21
DA:211,2
DA:212,2
DA:216,2
DA:217,2
DA:221,24
DA:222,24
DA:223,24
DA:226,44
DA:227,1
DA:228,1
DA:241,1
DA:242,4
DA:243,1
DA:244,1
DA:247,44
DA:248,1
DA:249,1
DA:262,1
DA:263,4
DA:264,1
DA:265,1
DA:269,44
DA:270,12
DA:271,2
LF:128
LH:128
BRDA:9,0,0,6
BRDA:9,0,1,7
BRDA:17,1,0,169
BRDA:17,1,1,18
BRDA:17,2,0,187
BRDA:17,2,1,172
BRDA:22,3,0,664
BRDA:22,3,1,0
BRDA:60,4,0,2
BRDA:60,4,1,68
BRDA:61,5,0,2
BRDA:61,5,1,68
BRDA:82,6,0,52
BRDA:82,6,1,3
BRDA:82,7,0,55
BRDA:82,7,1,53
BRDA:86,8,0,26
BRDA:86,8,1,13
BRDA:86,8,2,16
BRDA:97,9,0,10
BRDA:124,10,0,11
BRDA:124,10,1,10
BRDA:129,11,0,2
BRDA:129,11,1,42
BRDA:129,12,0,44
BRDA:129,12,1,3
BRDA:129,12,2,3
BRDA:132,13,0,1
BRDA:132,13,1,1
BRDA:141,14,0,73
BRDA:141,14,1,2
BRDA:141,15,0,1
BRDA:141,15,1,1
BRDA:142,16,0,75
BRDA:142,16,1,49
BRDA:160,17,0,52
BRDA:160,17,1,23
BRDA:160,18,0,75
BRDA:160,18,1,49
BRDA:160,18,2,23
BRDA:170,19,0,1
BRDA:170,19,1,5
BRDA:173,20,0,1
BRDA:173,20,1,4
BRDA:178,21,0,3
BRDA:178,21,1,1
BRDA:184,22,0,24
BRDA:184,22,1,3
BRDA:186,23,0,1
BRDA:186,23,1,23
BRDA:196,24,0,21
BRDA:196,24,1,2
BRDA:201,25,0,23
BRDA:201,25,1,1
BRDA:202,26,0,21
BRDA:202,26,1,2
BRDA:242,27,0,1
BRDA:242,27,1,3
BRDA:263,28,0,1
BRDA:263,28,1,3
BRDA:269,29,0,5
BRDA:269,29,1,1
BRF:62
BRH:61
end_of_record
TN:
SF:src/containers/Login.js
FN:5,(anonymous_1)
FN:15,(anonymous_2)
FN:25,(anonymous_3)
FN:32,(anonymous_4)
FN:43,(anonymous_5)
FNF:5
FNH:5
FNDA:4,(anonymous_1)
FNDA:2,(anonymous_2)
FNDA:2,(anonymous_3)
FNDA:2,(anonymous_4)
FNDA:2,(anonymous_5)
DA:1,4
DA:4,5
DA:6,4
DA:7,4
DA:8,4
DA:9,4
DA:10,4
DA:11,4
DA:12,4
DA:13,4
DA:15,4
DA:16,2
DA:17,2
DA:23,2
DA:24,2
DA:25,2
DA:26,2
DA:27,2
DA:32,4
DA:33,2
DA:34,2
DA:41,2
DA:42,2
DA:43,2
DA:44,2
DA:45,2
LF:26
LH:26
BRF:0
BRH:0
end_of_record
TN:
SF:src/containers/Logout.js
FN:4,(anonymous_1)
FN:11,(anonymous_2)
FNF:2
FNH:2
FNDA:86,(anonymous_1)
FNDA:1,(anonymous_2)
DA:1,7
DA:3,86
DA:5,86
DA:6,86
DA:7,86
DA:8,86
DA:11,86
DA:12,1
DA:13,1
LF:9
LH:9
BRF:0
BRH:0
end_of_record
TN:
SF:src/containers/NewBill.js
FN:5,(anonymous_2)
FN:27,(anonymous_3)
FN:79,(anonymous_4)
FN:85,(anonymous_5)
FN:88,(anonymous_6)
FN:122,(anonymous_7)
FN:126,(anonymous_8)
FN:134,(anonymous_9)
FNF:8
FNH:6
FNDA:16,(anonymous_2)
FNDA:9,(anonymous_3)
FNDA:0,(anonymous_4)
FNDA:0,(anonymous_5)
FNDA:5,(anonymous_6)
FNDA:3,(anonymous_7)
FNDA:2,(anonymous_8)
FNDA:1,(anonymous_9)
DA:1,4
DA:2,4
DA:4,17
DA:6,16
DA:7,16
DA:8,16
DA:9,16
DA:10,16
DA:11,16
DA:12,16
DA:13,16
DA:14,16
DA:16,16
DA:18,16
DA:19,1
DA:21,16
DA:22,16
DA:23,2
DA:25,16
DA:27,16
DA:28,9
DA:29,9
DA:30,9
DA:32,9
DA:33,1
DA:34,1
DA:35,1
DA:36,1
DA:37,1
DA:38,1
DA:39,1
DA:42,8
DA:43,8
DA:44,8
DA:45,8
DA:47,8
DA:48,8
DA:50,8
DA:51,5
DA:52,5
DA:53,5
DA:54,5
DA:55,5
DA:57,5
DA:58,5
DA:59,5
DA:60,5
DA:61,5
DA:62,5
DA:65,3
DA:67,3
DA:68,3
DA:69,3
DA:70,3
DA:71,3
DA:72,3
DA:73,3
DA:75,0
DA:76,0
DA:79,0
DA:80,0
DA:81,0
DA:82,0
DA:83,0
DA:84,0
DA:85,0
DA:88,16
DA:89,5
DA:90,5
DA:92,5
DA:93,1
DA:94,1
DA:97,4
DA:98,4
DA:99,4
DA:100,4
DA:101,1
DA:102,1
DA:104,3
DA:117,3
DA:118,3
DA:122,16
DA:123,3
DA:124,3
DA:127,2
DA:128,2
DA:129,2
DA:130,2
DA:131,2
DA:132,2
DA:135,1
LF:91
LH:82
BRDA:14,0,0,16
BRDA:14,0,1,0
BRDA:18,1,0,15
BRDA:18,1,1,1
BRDA:22,2,0,14
BRDA:22,2,1,2
BRDA:32,3,0,1
BRDA:32,3,1,8
BRDA:50,4,0,5
BRDA:50,4,1,3
BRDA:51,5,0,5
BRDA:51,5,1,0
BRDA:65,6,0,0
BRDA:65,6,1,3
BRDA:69,7,0,3
BRDA:69,7,1,0
BRDA:70,8,0,3
BRDA:70,8,1,3
BRDA:71,9,0,3
BRDA:71,9,1,0
BRDA:92,10,0,1
BRDA:92,10,1,4
BRDA:92,11,0,5
BRDA:92,11,1,4
BRDA:98,12,0,4
BRDA:98,12,1,0
BRDA:99,13,0,4
BRDA:99,13,1,1
BRDA:100,14,0,1
BRDA:100,14,1,3
BRDA:111,15,0,3
BRDA:111,15,1,2
BRDA:123,16,0,3
BRDA:123,16,1,0
BRF:34
BRH:27
end_of_record
TN:
SF:src/views/Actions.js
FN:4,(anonymous_2)
FNF:1
FNH:1
FNDA:85,(anonymous_2)
DA:1,10
DA:2,10
DA:4,85
DA:5,85
DA:6,85
DA:7,85
LF:6
LH:6
BRDA:6,0,0,81
BRDA:6,0,1,4
BRF:2
BRH:2
end_of_record
TN:
SF:src/views/BillsUI.js
FN:6,(anonymous_2)
FN:19,(anonymous_3)
FN:20,(anonymous_4)
FN:23,(anonymous_5)
FN:24,(anonymous_6)
FN:48,(anonymous_7)
FNF:6
FNH:6
FNDA:83,(anonymous_2)
FNDA:26,(anonymous_3)
FNDA:83,(anonymous_4)
FNDA:53,(anonymous_5)
FNDA:26,(anonymous_6)
FNDA:100,(anonymous_7)
DA:1,9
DA:2,9
DA:3,9
DA:4,9
DA:6,9
DA:7,83
DA:19,9
DA:20,83
DA:23,53
DA:24,53
DA:41,53
DA:42,22
DA:43,31
DA:44,5
DA:47,26
DA:49,100
DA:50,100
DA:51,100
DA:55,26
LF:19
LH:19
BRDA:20,0,0,23
BRDA:20,0,1,3
BRDA:20,1,0,26
BRDA:20,1,1,24
BRDA:41,2,0,22
BRDA:41,2,1,31
BRDA:43,3,0,5
BRDA:43,3,1,26
BRDA:47,4,0,24
BRDA:47,4,1,2
BRF:10
BRH:10
end_of_record
TN:
SF:src/views/DashboardFormUI.js
FN:7,(anonymous_4)
FN:24,(anonymous_5)
FNF:2
FNH:2
FNDA:38,(anonymous_4)
FNDA:37,(anonymous_5)
DA:1,6
DA:2,6
DA:3,6
DA:4,6
DA:5,6
DA:7,38
DA:24,37
DA:25,37
LF:8
LH:8
BRDA:70,0,0,35
BRDA:70,0,1,2
BRDA:73,1,0,35
BRDA:73,1,1,1
BRDA:89,2,0,30
BRDA:89,2,1,7
BRDA:96,3,0,7
BRDA:96,3,1,0
BRDA:96,4,0,7
BRDA:96,4,1,4
BRDA:108,5,0,30
BRDA:108,5,1,7
BRF:12
BRH:11
end_of_record
TN:
SF:src/views/DashboardUI.js
FN:8,(anonymous_2)
FNF:1
FNH:1
FNDA:68,(anonymous_2)
DA:1,9
DA:2,9
DA:3,9
DA:4,9
DA:5,9
DA:6,9
DA:8,68
DA:9,68
DA:10,55
DA:12,48
LF:10
LH:10
BRDA:9,0,0,13
BRDA:9,0,1,55
BRDA:10,1,0,7
BRDA:10,1,1,48
BRDA:18,2,0,48
BRDA:18,2,1,43
BRDA:24,3,0,48
BRDA:24,3,1,43
BRDA:30,4,0,48
BRDA:30,4,1,43
BRF:10
BRH:10
end_of_record
TN:
SF:src/views/ErrorPage.js
FN:3,(anonymous_2)
FNF:1
FNH:1
FNDA:14,(anonymous_2)
DA:1,10
DA:3,14
DA:4,14
LF:3
LH:3
BRDA:12,0,0,13
BRDA:12,0,1,1
BRF:2
BRH:2
end_of_record
TN:
SF:src/views/LoadingPage.js
FN:3,(anonymous_2)
FNF:1
FNH:1
FNDA:36,(anonymous_2)
DA:1,10
DA:3,36
DA:4,36
LF:3
LH:3
BRF:0
BRH:0
end_of_record
TN:
SF:src/views/LoginUI.js
FN:3,(anonymous_2)
FNF:1
FNH:1
FNDA:37,(anonymous_2)
DA:1,9
DA:3,37
DA:4,37
LF:3
LH:3
BRF:0
BRH:0
end_of_record
TN:
SF:src/views/NewBillUI.js
FN:3,(anonymous_2)
FNF:1
FNH:1
FNDA:22,(anonymous_2)
DA:1,9
DA:3,22
DA:4,22
LF:3
LH:3
BRF:0
BRH:0
end_of_record
TN:
SF:src/views/VerticalLayout.js
FN:5,(anonymous_2)
FNF:1
FNH:1
FNDA:147,(anonymous_2)
DA:1,12
DA:2,12
DA:3,12
DA:5,147
DA:7,147
DA:8,147
DA:9,131
DA:10,131
DA:11,129
DA:14,147
DA:15,83
DA:24,64
LF:12
LH:12
BRDA:8,0,0,131
BRDA:8,0,1,16
BRDA:10,1,0,129
BRDA:10,1,1,2
BRDA:14,2,0,83
BRDA:14,2,1,64
BRDA:14,3,0,147
BRDA:14,3,1,131
BRF:8
BRH:8
end_of_record
